<?xml version="1.0" encoding="UTF-8"?>
<testsuite name="com.example.demo.DemoApplicationTests" tests="1" skipped="0" failures="0" errors="0" timestamp="2023-11-05T15:13:39" hostname="VITALIY" time="0.481">
  <properties/>
  <testcase name="contextLoads()" classname="com.example.demo.DemoApplicationTests" time="0.481"/>
  <system-out><![CDATA[20:13:38.407 [Test worker] INFO org.springframework.test.context.support.AnnotationConfigContextLoaderUtils -- Could not detect default configuration classes for test class [com.example.demo.DemoApplicationTests]: DemoApplicationTests does not declare any static, non-private, non-final, nested classes annotated with @Configuration.
20:13:38.459 [Test worker] INFO org.springframework.boot.test.context.SpringBootTestContextBootstrapper -- Found @SpringBootConfiguration com.example.demo.DemoApplication for test class com.example.demo.DemoApplicationTests

  .   ____          _            __ _ _
 /\\ / ___'_ __ _ _(_)_ __  __ _ \ \ \ \
( ( )\___ | '_ | '_| | '_ \/ _` | \ \ \ \
 \\/  ___)| |_)| | | | | || (_| |  ) ) ) )
  '  |____| .__|_| |_|_| |_\__, | / / / /
 =========|_|==============|___/=/_/_/_/
 :: Spring Boot ::                (v3.1.5)

2023-11-05T20:13:38.691+05:00  INFO 21636 --- [    Test worker] com.example.demo.DemoApplicationTests    : Starting DemoApplicationTests using Java 19.0.2 with PID 21636 (started by yasni in D:\YandexDisc\Orbita\GIT_WORK\SpringBoot_Lessons\restservice)
2023-11-05T20:13:38.692+05:00  INFO 21636 --- [    Test worker] com.example.demo.DemoApplicationTests    : No active profile set, falling back to 1 default profile: "default"
2023-11-05T20:13:39.416+05:00  INFO 21636 --- [    Test worker] com.example.demo.DemoApplicationTests    : Started DemoApplicationTests in 0.831 seconds (process running for 4.252)
]]></system-out>
  <system-err><![CDATA[]]></system-err>
</testsuite>
